<?xml version="1.0" encoding="UTF-8"?>
<!-- Generated by org.testng.reporters.JUnitXMLReporter -->
<testsuite hostname="YECOL094" name="testall" tests="4" failures="0" timestamp="15 Apr 2015 06:59:47 GMT" time="1277.6" errors="0">
  <testcase name="TestNewCustomer" time="138.81" classname="test.TestCase_man_NewCustomer"/>
  <testcase name="TestReturnCustomer" time="108.874" classname="test.TestCase_women_ReturnCustomer"/>
  <testcase name="TestNewCustomerHK" time="843.201" classname="testhk.TestCase_man_NewCustomer_HK"/>
  <testcase name="TestReturnCustomerHK" time="186.699" classname="testhk.TestCase_women_ReturnCustomer_HK"/>
</testsuite> <!-- testall -->
