<?xml version="1.0" encoding="UTF-8"?>
<!-- Generated by org.testng.reporters.JUnitXMLReporter -->
<testsuite hostname="YECOL094" name="test4" tests="1" failures="1" timestamp="26 Mar 2015 03:51:22 GMT" time="0.595" errors="0">
  <testcase name="TestReturnCustomerHK" time="0.586" classname="testhk.TestCase_women_ReturnCustomer_HK">
    <failure type="java.lang.ExceptionInInitializerError">
      <![CDATA[java.lang.ExceptionInInitializerError
	at org.openqa.selenium.firefox.FirefoxBinary.<init>(FirefoxBinary.java:59)
	at org.openqa.selenium.firefox.FirefoxBinary.<init>(FirefoxBinary.java:55)
	at org.openqa.selenium.firefox.FirefoxDriver.<init>(FirefoxDriver.java:95)
	at selectdriver.DriverTools.getDriver(Unknown Source)
	at returncustomerhk.Test_women_ReturnCustomer_HK.<init>(Unknown Source)
	at testhk.TestCase_women_ReturnCustomer_HK.TestReturnCustomerHK(Unknown Source)
Caused by: org.openqa.selenium.WebDriverException: "webdriver.firefox.bin" property set, but unable to locate the requested binary: D:\Users\JSHI02\workspace\Copy of DECATHLON/Mozilla Firefox/firefox.exe
Build info: version: '2.44.0', revision: '76d78cf', time: '2014-10-23 20:02:37'
System info: host: 'YECOL094', ip: '169.254.168.121', os.name: 'Windows 7', os.arch: 'x86', os.version: '6.1', java.version: '1.6.0_25'
Driver info: driver.version: FirefoxDriver
	at org.openqa.selenium.firefox.internal.Executable.locateFirefoxBinaryFromSystemProperty(Executable.java:143)
	at org.openqa.selenium.firefox.internal.Executable.<clinit>(Executable.java:43)
	... 29 more
... Removed 23 stack frames]]>
    </failure>
  </testcase> <!-- TestReturnCustomerHK -->
</testsuite> <!-- test4 -->
