<?xml version="1.0" encoding="UTF-8"?>
<!-- Generated by org.testng.reporters.JUnitXMLReporter -->
<testsuite hostname="YONGL102" name="test3" tests="3" failures="2" timestamp="10 Feb 2015 03:32:31 GMT" time="565.152" errors="0">
  <testcase name="TestNewCustomerHK" time="243.459" classname="testhk.TestCase_man_NewCustomer_HK"/>
  <testcase name="TestNewCustomerHK" time="176.317" classname="testhk.TestCase_man_NewCustomer_HK">
    <failure type="java.lang.Exception" message="can not register a new customers">
      <![CDATA[java.lang.Exception: can not register a new customers
	at testhk.TestCase_man_NewCustomer_HK.TestNewCustomerHK(Unknown Source)
... Removed 23 stack frames]]>
    </failure>
  </testcase> <!-- TestNewCustomerHK -->
  <testcase name="TestNewCustomerHK" time="145.36" classname="testhk.TestCase_man_NewCustomer_HK">
    <failure type="java.lang.Exception" message="T-shirt is out of stock">
      <![CDATA[java.lang.Exception: T-shirt is out of stock
	at testhk.TestCase_man_NewCustomer_HK.TestNewCustomerHK(Unknown Source)
... Removed 23 stack frames]]>
    </failure>
  </testcase> <!-- TestNewCustomerHK -->
</testsuite> <!-- test3 -->
